[01-Aug-2019 14:52:28] NOTICE: fpm is running, pid 16
[01-Aug-2019 14:52:28] NOTICE: ready to handle connections
[07-Aug-2019 17:04:41] NOTICE: fpm is running, pid 26
[07-Aug-2019 17:04:41] NOTICE: ready to handle connections
[07-Aug-2019 17:38:55] NOTICE: Terminating ...
[07-Aug-2019 17:38:55] NOTICE: exiting, bye-bye!
[07-Aug-2019 18:26:29] NOTICE: fpm is running, pid 26
[07-Aug-2019 18:26:29] NOTICE: ready to handle connections
[07-Aug-2019 19:10:38] NOTICE: Terminating ...
[07-Aug-2019 19:10:38] NOTICE: exiting, bye-bye!
[07-Aug-2019 19:20:13] NOTICE: fpm is running, pid 54
[07-Aug-2019 19:20:13] NOTICE: ready to handle connections
[08-Aug-2019 01:27:23] NOTICE: Terminating ...
[08-Aug-2019 01:27:23] NOTICE: exiting, bye-bye!
[08-Aug-2019 02:34:47] NOTICE: fpm is running, pid 57
[08-Aug-2019 02:34:47] NOTICE: ready to handle connections
[08-Aug-2019 03:16:29] NOTICE: Terminating ...
[08-Aug-2019 03:16:29] NOTICE: exiting, bye-bye!
[08-Aug-2019 14:41:05] NOTICE: fpm is running, pid 58
[08-Aug-2019 14:41:05] NOTICE: ready to handle connections
[05-Oct-2019 13:08:19] NOTICE: fpm is running, pid 26
[05-Oct-2019 13:08:19] NOTICE: ready to handle connections
[09-Oct-2019 14:06:01] NOTICE: fpm is running, pid 27
[09-Oct-2019 14:06:01] NOTICE: ready to handle connections
[09-Oct-2019 14:09:38] NOTICE: fpm is running, pid 26
[09-Oct-2019 14:09:38] NOTICE: ready to handle connections
